"../../../Engine/Content/EditorBlueprintResources/StandardMacros.uasset" 0
"../../../Engine/Plugins/2D/Paper2D/Content/DefaultSpriteMaterial.uasset" 1
"../../../Engine/Plugins/2D/Paper2D/Content/TranslucentUnlitSpriteMaterial.uasset" 2
"../../../TraficController/Content/Sprites/Texture/FireAntNest.uasset" 3
"../../../TraficController/Content/Sprites/Sprites/FireAntNest_Sprite.uasset" 4
"../../../TraficController/Content/Blueprints/DragAndDrop/BP_FireAntNest.uasset" 5
"../../../TraficController/Content/Sprites/Texture/FireAnts.uasset" 6
"../../../TraficController/Content/Sprites/Sprites/FireAnts_Sprite.uasset" 7
"../../../TraficController/Content/Blueprints/DragAndDrop/FireAntBlob.uasset" 8
"../../../TraficController/Content/Sprites/Texture/T_Sprites.uasset" 9
"../../../TraficController/Content/Sprites/Sprites/Car_Sprite_Damaged.uasset" 10
"../../../TraficController/Content/Sprites/Sprites/Car_Sprite_New.uasset" 11
"../../../TraficController/Content/Sprites/Sprites/Car_Sprite_TurningLeft.uasset" 12
"../../../TraficController/Content/Sprites/Sprites/Car_Sprite_TurningRight.uasset" 13
"../../../TraficController/Content/Sprites/FlipBook/Car_FlipBook.uasset" 14
"../../../TraficController/Content/Blueprints/Trafic/BP_Vehicle_Parent.uasset" 15
"../../../TraficController/Content/Blueprints/Trafic/BP_Spline_Parent.uasset" 16
"../../../TraficController/Content/Blueprints/Trafic/RoadTrafic/BP_SmartSpline.uasset" 17
"../../../Engine/Content/Functions/Engine_MaterialFunctions01/Density/ExponentialDensity.uasset" 18
"../../../Engine/Content/Functions/Engine_MaterialFunctions01/Gradient/RadialGradientExponential.uasset" 19
"../../../TraficController/Content/Content/Particle_M.uasset" 20
"../../../TraficController/Content/Content/Crash_PS.uasset" 21
"../../../TraficController/Content/Content/Rage_PS.uasset" 22
"../../../TraficController/Content/Blueprints/Trafic/RoadTrafic/BP_SmartCar.uasset" 23
"../../../TraficController/Content/Blueprints/UserInterface/Help/HelpStruct.uasset" 24
"../../../TraficController/Content/Blueprints/UserInterface/Help/HelpImages/Crash.uasset" 25
"../../../TraficController/Content/Blueprints/UserInterface/Help/HelpImages/eh.uasset" 26
"../../../TraficController/Content/Blueprints/UserInterface/Help/HelpImages/FireAnts.uasset" 27
"../../../TraficController/Content/Blueprints/UserInterface/Help/HelpImages/Score.uasset" 28
"../../../TraficController/Content/Blueprints/UserInterface/Help/HelpImages/TraficLights.uasset" 29
"../../../TraficController/Content/Sprites/Texture/T_Train.uasset" 30
"../../../TraficController/Content/Blueprints/UserInterface/Help/HelpWidget.uasset" 31
"../../../TraficController/Content/Blueprints/UserInterface/PauseMenu.uasset" 32
"../../../TraficController/Content/Blueprints/UserInterface/Hud.uasset" 33
"../../../TraficController/Content/Blueprints/PlayerPawn.uasset" 34
"../../../TraficController/Content/Blueprints/SaveBlueprint/MainSave.uasset" 35
"../../../TraficController/Content/Blueprints/SaveBlueprint/PlayerProfile.uasset" 36
"../../../TraficController/Plugins/MySQL/Content/Widgets/DataItem.uasset" 37
"../../../TraficController/Plugins/MySQL/Content/Widgets/RowItem.uasset" 38
"../../../TraficController/Content/Blueprints/UserInterface/ScoreBoard.uasset" 39
"../../../TraficController/Content/Blueprints/UserInterface/GameOverScreen.uasset" 40
"../../../TraficController/Content/Blueprints/TraficControler.uasset" 41
"../../../TraficController/Content/Blueprints/Trafic/WalkingPeople/Markers/BP_Waypoint_Exit.uasset" 42
"../../../TraficController/Content/Blueprints/Trafic/WalkingPeople/Node.uasset" 43
"../../../TraficController/Content/Blueprints/Trafic/WalkingPeople/Node_struct.uasset" 44
"../../../TraficController/Content/Content/Blood_PS.uasset" 45
"../../../TraficController/Content/Sprites/Texture/DamagedWalker.uasset" 46
"../../../TraficController/Content/Sprites/Sprites/DamagedWalker_Sprite.uasset" 47
"../../../TraficController/Content/Sprites/Texture/T_Walker.uasset" 48
"../../../TraficController/Content/Sprites/Sprites/Walker_Sprite.uasset" 49
"../../../TraficController/Content/Sprites/FlipBook/Walker_FlipBook.uasset" 50
"../../../TraficController/Content/Blueprints/Trafic/WalkingPeople/Walker.uasset" 51
"../../../TraficController/Content/Sprites/Texture/T_TrafficArrowGreen.uasset" 52
"../../../TraficController/Content/Sprites/Sprites/Traffic_arrow_green_Sprite.uasset" 53
"../../../TraficController/Content/Sprites/Texture/T_TrafficArrow.uasset" 54
"../../../TraficController/Content/Sprites/Sprites/Traffic_arrow_Sprite.uasset" 55
"../../../TraficController/Content/Sprites/FlipBook/traficLight_FlipBook.uasset" 56
"../../../TraficController/Content/Blueprints/Trafic/WalkingPeople/Markers/BP_Waypoint_Crossing.uasset" 57
"../../../TraficController/Content/Blueprints/Trafic/WalkingPeople/Markers/BP_Waypoint.uasset" 58
"../../../TraficController/Content/Blueprints/Trafic/WalkingPeople/Markers/BP_Marker.uasset" 59
"../../../TraficController/Content/Blueprints/Trafic/WalkingPeople/Node_BP.uasset" 60
"../../../TraficController/Content/Blueprints/Trafic/WalkingPeople/Markers/Destination_struct.uasset" 61
"../../../TraficController/Content/Sprites/Sprites/NewPaperSprite.uasset" 62
"../../../TraficController/Content/Sprites/Texture/T_MapTiles.uasset" 63
"../../../Engine/Content/Functions/Engine_MaterialFunctions01/Opacity/CameraDepthFade.uasset" 64
"../../../Engine/Content/EngineMaterials/T_Default_Material_Grid_M.uasset" 65
"../../../Engine/Content/EngineMaterials/T_Default_Material_Grid_N.uasset" 66
"../../../Engine/Content/EngineMaterials/DefaultMaterial.uasset" 67
"../../../Engine/Content/BasicShapes/Cone.uasset" 68
"../../../Engine/Content/EngineMaterials/WorldGridMaterial.uasset" 69
"../../../Engine/Content/BasicShapes/Cube.uasset" 70
"../../../Engine/Content/BasicShapes/Cylinder.uasset" 71
"../../../Engine/Content/BasicShapes/Plane.uasset" 72
"../../../Engine/Content/BasicShapes/Sphere.uasset" 73
"../../../Engine/Content/EditorLandscapeResources/DataLayer.uasset" 74
"../../../Engine/Content/EditorMaterials/GizmoMaterial.uasset" 75
"../../../Engine/Content/EditorMaterials/MAT_Groups_Toggle.uasset" 76
"../../../Engine/Content/EditorMaterials/MAT_Groups_Visibility.uasset" 77
"../../../Engine/Content/EditorMaterials/PreviewShadowIndicator.uasset" 78
"../../../Engine/Content/EditorMaterials/PreviewShadowIndicatorMaterial.uasset" 79
"../../../Engine/Content/EditorMaterials/AssetViewer/EpicQuadPanorama_CC+EV1.uasset" 80
"../../../Engine/Content/EditorMaterials/MatineeGroups/MAT_ColorTrack.uasset" 81
"../../../Engine/Content/EditorMaterials/MatineeGroups/MAT_Groups_Anim.uasset" 82
"../../../Engine/Content/EditorMaterials/MatineeGroups/MAT_Groups_AudioMaster.uasset" 83
"../../../Engine/Content/EditorMaterials/MatineeGroups/MAT_Groups_Director.uasset" 84
"../../../Engine/Content/EditorMaterials/MatineeGroups/MAT_Groups_Event.uasset" 85
"../../../Engine/Content/EditorMaterials/MatineeGroups/MAT_Groups_Fade.uasset" 86
"../../../Engine/Content/EditorMaterials/MatineeGroups/MAT_Groups_Float.uasset" 87
"../../../Engine/Content/EditorMaterials/MatineeGroups/MAT_Groups_Move.uasset" 88
"../../../Engine/Content/EditorMaterials/MatineeGroups/MAT_Groups_Slomo.uasset" 89
"../../../Engine/Content/EditorMaterials/MatineeGroups/MAT_Groups_Sound.uasset" 90
"../../../Engine/Content/EditorMaterials/MatineeGroups/MAT_Groups_Vector.uasset" 91
"../../../Engine/Content/EditorMaterials/ParticleSystems/PSysThumbnail_NoImage.uasset" 92
"../../../Engine/Content/EditorMaterials/ParticleSystems/PSysThumbnail_OOD.uasset" 93
"../../../Engine/Content/EditorMaterials/Camera/CineMat.uasset" 94
"../../../Engine/Content/EditorMaterials/Camera/MI_CineMat_Rig.uasset" 95
"../../../Engine/Content/EditorMeshes/Camera/SM_CraneRig_Arm.uasset" 96
"../../../Engine/Content/EditorMeshes/Camera/SM_CraneRig_Base.uasset" 97
"../../../Engine/Content/EditorMeshes/Camera/SM_CraneRig_Body.uasset" 98
"../../../Engine/Content/EditorMeshes/Camera/SM_CraneRig_Mount.uasset" 99
"../../../Engine/Content/EditorMeshes/Camera/SM_RailRig_Mount.uasset" 100
"../../../Engine/Content/EditorMeshes/Camera/SM_RailRig_Track.uasset" 101
"../../../Engine/Content/EditorMeshes/ColorCalibrator/M_ChromeBall.uasset" 102
"../../../Engine/Content/EditorMeshes/ColorCalibrator/M_ClearCoat.uasset" 103
"../../../Engine/Content/EditorMeshes/ColorCalibrator/M_ClearCoatBlack.uasset" 104
"../../../Engine/Content/EditorMeshes/ColorCalibrator/T_ColorGrid.uasset" 105
"../../../Engine/Content/EditorMeshes/ColorCalibrator/M_ColorGrid.uasset" 106
"../../../Engine/Content/EditorMeshes/ColorCalibrator/M_GreyBall.uasset" 107
"../../../Engine/Content/EditorMeshes/ColorCalibrator/SM_ColorCalibrator.uasset" 108
"../../../Engine/Content/EditorResources/BSPVertex.uasset" 109
"../../../Engine/Content/EditorResources/EmptyActor.uasset" 110
"../../../Engine/Content/EditorResources/S_Actor.uasset" 111
"../../../Engine/Content/EditorResources/S_Trigger.uasset" 112
"../../../Engine/Content/EditorResources/SequenceRecorder/Countdown.uasset" 113
"../../../Engine/Content/EditorResources/SequenceRecorder/RecordingIndicator.uasset" 114
"../../../Engine/Content/EditorSounds/Notifications/CompileFailed.uasset" 115
"../../../Engine/Content/EditorSounds/Notifications/CompileFailed_Cue.uasset" 116
"../../../Engine/Content/EditorSounds/Notifications/CompileSuccess.uasset" 117
"../../../Engine/Content/EditorSounds/Notifications/CompileStart_Cue.uasset" 118
"../../../Engine/Content/EditorSounds/Notifications/CompileSuccess_Cue.uasset" 119
"../../../Engine/Content/EngineDamageTypes/DmgTypeBP_Environmental.uasset" 120
"../../../Engine/Content/EngineDebugMaterials/HeatmapGradient.uasset" 121
"../../../Engine/Content/EngineDebugMaterials/BoneWeightMaterial.uasset" 122
"../../../Engine/Content/EngineDebugMaterials/ClothMaterial.uasset" 123
"../../../Engine/Content/EngineDebugMaterials/DebugMeshMaterial.uasset" 124
"../../../Engine/Content/EngineDebugMaterials/GeomMaterial.uasset" 125
"../../../Engine/Content/EngineFonts/Faces/RobotoBold.uasset" 126
"../../../Engine/Content/EngineFonts/Faces/RobotoBoldItalic.uasset" 127
"../../../Engine/Content/EngineFonts/Faces/RobotoItalic.uasset" 128
"../../../Engine/Content/EngineFonts/Faces/RobotoLight.uasset" 129
"../../../Engine/Content/EngineFonts/Faces/RobotoRegular.uasset" 130
"../../../Engine/Content/EngineFonts/Roboto.uasset" 131
"../../../Engine/Content/EngineFonts/Faces/RobotoTiny.uasset" 132
"../../../Engine/Content/EngineFonts/RobotoTiny.uasset" 133
"../../../Engine/Content/EngineMaterials/DefaultBloomKernel.uasset" 134
"../../../Engine/Content/EngineMaterials/DefaultBokeh.uasset" 135
"../../../Engine/Content/EngineMaterials/DefaultDiffuse.uasset" 136
"../../../Engine/Content/EngineMaterials/DefaultDeferredDecalMaterial.uasset" 137
"../../../Engine/Content/EngineMaterials/DefaultLightFunctionMaterial.uasset" 138
"../../../Engine/Content/EngineMaterials/DefaultPhysicalMaterial.uasset" 139
"../../../Engine/Content/Functions/Engine_MaterialFunctions02/Utility/BreakOutFloat2Components.uasset" 140
"../../../Engine/Content/EngineMaterials/DefaultPostProcessMaterial.uasset" 141
"../../../Engine/Content/EngineFonts/RobotoDistanceField.uasset" 142
"../../../Engine/Content/EngineMaterials/DefaultTextMaterialOpaque.uasset" 143
"../../../Engine/Content/EngineMaterials/DefaultWhiteGrid.uasset" 144
"../../../Engine/Content/EngineMaterials/EditorBrushMaterial.uasset" 145
"../../../Engine/Content/EngineMaterials/Good64x64TilingNoiseHighFreq.uasset" 146
"../../../Engine/Content/EngineMaterials/MiniFont.uasset" 147
"../../../Engine/Content/EngineMaterials/InvalidLightmapSettings.uasset" 148
"../../../Engine/Content/EngineMaterials/M_InvalidLightmapSettings.uasset" 149
"../../../Engine/Content/EngineMaterials/PhAT_JointLimitMaterial.uasset" 150
"../../../Engine/Content/EngineMaterials/PreintegratedSkinBRDF.uasset" 151
"../../../Engine/Content/EngineMaterials/RemoveSurfaceMaterial.uasset" 152
"../../../Engine/Content/EngineMaterials/WeightMapPlaceholderTexture.uasset" 153
"../../../Engine/Content/EngineResources/WhiteSquareTexture.uasset" 154
"../../../Engine/Content/EngineMaterials/Widget3DPassThrough.uasset" 155
"../../../Engine/Content/EngineMaterials/Widget3DPassThrough_Masked.uasset" 156
"../../../Engine/Content/EngineMaterials/Widget3DPassThrough_Opaque.uasset" 157
"../../../Engine/Content/EngineMaterials/Widget3DPassThrough_Masked_OneSided.uasset" 158
"../../../Engine/Content/EngineMaterials/Widget3DPassThrough_Opaque_OneSided.uasset" 159
"../../../Engine/Content/EngineMaterials/Widget3DPassThrough_Translucent.uasset" 160
"../../../Engine/Content/EngineMaterials/Widget3DPassThrough_Translucent_OneSided.uasset" 161
"../../../Engine/Content/EngineMeshes/Cube.uasset" 162
"../../../Engine/Content/EngineMeshes/Cylinder.uasset" 163
"../../../Engine/Content/EngineMeshes/Sphere.uasset" 164
"../../../Engine/Content/EngineResources/Black.uasset" 165
"../../../Engine/Content/EngineResources/DefaultTexture.uasset" 166
"../../../Engine/Content/EngineResources/DefaultTextureCube.uasset" 167
"../../../Engine/Content/EngineResources/GradientTexture0.uasset" 168
"../../../Engine/Content/EngineSounds/Master.uasset" 169
"../../../Engine/Content/Functions/Engine_MaterialFunctions01/Shading/ConvertFromDiffSpec.uasset" 170
"../../../Engine/Content/Functions/Engine_MaterialFunctions01/Shading/PowerToRoughness.uasset" 171
"../../../Engine/Content/Maps/Templates/Thumbnails/Default.uasset" 172
"../../../Engine/Content/Maps/Templates/Thumbnails/VR-Basic.uasset" 173
"../../../Engine/Content/MobileResources/T_MobileControls_texture.uasset" 174
"../../../Engine/Content/MobileResources/T_MobileMenu2.uasset" 175
"../../../Engine/Content/MobileResources/HUD/AnalogHat.uasset" 176
"../../../Engine/Content/MobileResources/HUD/VirtualJoystick_Background.uasset" 177
"../../../Engine/Content/MobileResources/HUD/VirtualJoystick_Thumb.uasset" 178
"../../../Engine/Content/MobileResources/HUD/DefaultVirtualJoysticks.uasset" 179
"../../../Engine/Content/MobileResources/HUD/LeftVirtualJoystickOnly.uasset" 180
"../../../Engine/Content/MobileResources/HUD/MobileHUDButton1_off.uasset" 181
"../../../Engine/Content/MobileResources/HUD/MobileHUDButton1_on.uasset" 182
"../../../Engine/Content/MobileResources/HUD/MobileHUDButton2_off.uasset" 183
"../../../Engine/Content/MobileResources/HUD/MobileHUDButton2_on.uasset" 184
"../../../Engine/Content/MobileResources/HUD/MobileHUDButton3.uasset" 185
"../../../Engine/Content/MobileResources/HUD/MobileHUDButtonFire.uasset" 186
"../../../Engine/Content/MobileResources/HUD/MobileHUDDirectionPad.uasset" 187
"../../../Engine/Content/MobileResources/HUD/MobileHUDDirectionPad2.uasset" 188
"../../../Engine/Content/MobileResources/HUD/MobileHUDDirectionPad3.uasset" 189
"../../../Engine/Content/MobileResources/HUD/MobileHUDDirectionStick.uasset" 190
"../../../Engine/Content/MobileResources/HUD/T_Castle_ThumbstickInner.uasset" 191
"../../../Engine/Content/MobileResources/HUD/T_Castle_ThumbstickOutter.uasset" 192
"../../../Engine/Content/Tutorial/ContentIntroCurve.uasset" 193
"../../../Engine/Content/Tutorial/Basics/TutorialAssets/icon_tab_Levels_40x.uasset" 194
"../../../Engine/Content/Tutorial/BlueprintTutorials/TutorialAssets/BlueprintInterface_64x.uasset" 195
"../../../Engine/Content/Tutorial/BlueprintTutorials/TutorialAssets/BlueprintMacroLibrary_64x.uasset" 196
"../../../Engine/Content/Tutorial/BlueprintTutorials/TutorialAssets/Blueprint_64x.uasset" 197
"../../../Engine/Content/Tutorial/BlueprintTutorials/TutorialAssets/Tutorial_BP_Interface.uasset" 198
"../../../Engine/Content/Tutorial/Foliage/TutorialAssets/Foliage.uasset" 199
"../../../Engine/Content/Tutorial/Landscape/TutorialAssets/Landscape.uasset" 200
"../../../Engine/Content/Tutorial/Mobile/TutorialAssets/android_Icon.uasset" 201
"../../../Engine/Content/Tutorial/Mobile/TutorialAssets/IOS.uasset" 202
"../../../Engine/Content/Tutorial/Paper2D/TutorialAssets/Paper2DFlipbook_TutorialIcon.uasset" 203
"../../../Engine/Content/Tutorial/Paper2D/TutorialAssets/Paper2DSprite_TutorialIcon.uasset" 204
"../../../Engine/Content/Tutorial/SubEditors/TutorialAssets/icon_Editor_Preferences_General_40x.uasset" 205
"../../../Engine/Content/Tutorial/SubEditors/TutorialAssets/icon_ShowSkeletalMeshes_40x.uasset" 206
"../../../Engine/Content/Tutorial/SubEditors/TutorialAssets/TutorialMaterial.uasset" 207
"../../../Engine/Content/Tutorial/SubEditors/TutorialAssets/T_SmokeSubUV_8X8.uasset" 208
"../../../Engine/Content/Tutorial/SubEditors/TutorialAssets/T_soft_smoke.uasset" 209
"../../../Engine/Content/Tutorial/SubEditors/TutorialAssets/M_smoke_subUV_blackbody.uasset" 210
"../../../Engine/Content/Tutorial/SubEditors/TutorialAssets/TutorialParticleSystem.uasset" 211
"../../../Engine/Content/EditorMeshes/EditorCube.uasset" 212
"../../../Engine/Content/Tutorial/SubEditors/TutorialAssets/Tutorial_DM.uasset" 213
"../../../Engine/Content/Functions/Engine_MaterialFunctions02/Utility/BreakOutFloat3Components.uasset" 214
"../../../Engine/Content/Functions/Engine_MaterialFunctions02/Math/Transform3x3Matrix.uasset" 215
"../../../Engine/Content/Functions/Engine_MaterialFunctions02/SplitComponents.uasset" 216
"../../../Engine/Content/Functions/Engine_MaterialFunctions02/Utility/MakeFloat3.uasset" 217
"../../../Engine/Content/VREditor/SnapGrid/SnapGridMaterial.uasset" 218
"../../../Engine/Content/VREditor/LaserPointer/VR_LaserPower_01.uasset" 219
"../../../Engine/Content/VREditor/TransformGizmo/TransformGizmoMaterial.uasset" 220
"../../../Engine/Content/VREditor/TransformGizmo/TransformGizmoMaterial_Inst.uasset" 221
"../../../Engine/Content/VREditor/TransformGizmo/TranslucentTransformGizmoMaterial.uasset" 222
"../../../Engine/Content/VREditor/TransformGizmo/TranslucentTransformGizmoMaterial_Inst.uasset" 223
"../../../Engine/Content/VREditor/SnapGrid/SnapGridPlaneMesh.uasset" 224
"../../../Engine/Content/VREditor/Sounds/UI/Drop_Item_From_ContentBrowser.uasset" 225
"../../../Engine/Content/VREditor/Sounds/UI/Gizmo_Handle_Clicked.uasset" 226
"../../../Engine/Content/VREditor/Sounds/UI/Object_PickUp.uasset" 227
"../../../Engine/Content/VREditor/Sounds/UI/Object_Snaps_To_Another_Actor.uasset" 228
"../../../Engine/Content/VREditor/Sounds/UI/Object_Snaps_To_Grid.uasset" 229
"../../../Engine/Content/VREditor/Sounds/UI/Scaling_Down.uasset" 230
"../../../Engine/Content/VREditor/Sounds/UI/Scaling_Up.uasset" 231
"../../../Engine/Content/VREditor/Sounds/UI/Selection_Changes.uasset" 232
"../../../Engine/Content/VREditor/TransformGizmo/PlaneTranslationHandle.uasset" 233
"../../../Engine/Content/VREditor/TransformGizmo/RotationHandleFull.uasset" 234
"../../../Engine/Content/VREditor/TransformGizmo/RotationHandleIndicator.uasset" 235
"../../../Engine/Content/VREditor/TransformGizmo/RotationHandleQuarter.uasset" 236
"../../../Engine/Content/VREditor/TransformGizmo/StartRotationHandleIndicator.uasset" 237
"../../../Engine/Content/VREditor/TransformGizmo/TranslateArrowHandle.uasset" 238
"../../../Engine/Content/VREditor/TransformGizmo/UniformScaleHandle.uasset" 239
"../../../Engine/Content/VREditor/ViewportInteractionAssetContainerData.uasset" 240
"../../../Engine/Content/VREditor/Fonts/VRText_RobotoLarge.uasset" 241
"../../../Engine/Content/VREditor/Fonts/VRTextMaterial.uasset" 242
"../../../Engine/Content/Functions/Engine_MaterialFunctions01/Gradient/RadialGradient.uasset" 243
"../../../Engine/Content/VREditor/WorldMovementGrid/SimpleGrid.uasset" 244
"../../../Engine/Content/VREditor/WorldMovementGrid/GridMaterial.uasset" 245
"../../../Engine/Content/VREditor/WorldMovementGrid/GridPostProcess.uasset" 246
"../../../Engine/Content/VREditor/Devices/Vive/VivePreController_MasksB.uasset" 247
"../../../Engine/Content/VREditor/Devices/Oculus/OculusControllerMaterial.uasset" 248
"../../../Engine/Content/VREditor/Devices/Oculus/OculusControllerMaterial_Inst.uasset" 249
"../../../Engine/Content/VREditor/Devices/Vive/T_VivePreController_EM.uasset" 250
"../../../Engine/Content/VREditor/Devices/Vive/VivePreController_MasksA.uasset" 251
"../../../Engine/Content/VREditor/Devices/Vive/VivePreControllerDiffuse.uasset" 252
"../../../Engine/Content/VREditor/Devices/Vive/VivePreControllerSpec.uasset" 253
"../../../Engine/Content/VREditor/Devices/Vive/VivePreControllerMaterial.uasset" 254
"../../../Engine/Content/VREditor/Devices/Vive/VivePreControllerMaterial_Inst.uasset" 255
"../../../Engine/Content/VREditor/LaserPointer/LaserPointerMaterial.uasset" 256
"../../../Engine/Content/VREditor/LaserPointer/LaserPointerMaterialInst.uasset" 257
"../../../Engine/Content/VREditor/LaserPointer/TranslucentLaserPointerMaterialInst.uasset" 258
"../../../Engine/Content/VREditor/Teleport/TeleportDirectionMaterial.uasset" 259
"../../../Engine/Content/VREditor/Teleport/TeleportDirectionMaterial_Inst.uasset" 260
"../../../Engine/Content/VREditor/Devices/Generic/GenericHMDMaterial.uasset" 261
"../../../Engine/Content/VREditor/Devices/Generic/GenericHMD.uasset" 262
"../../../Engine/Content/VREditor/Devices/Oculus/OculusControllerMesh.uasset" 263
"../../../Engine/Content/VREditor/Devices/Vive/VivePreControllerMesh.uasset" 264
"../../../Engine/Content/VREditor/LaserPointer/HoverMaterial.uasset" 265
"../../../Engine/Content/VREditor/LaserPointer/TranslucentHoverMaterial.uasset" 266
"../../../Engine/Content/VREditor/LaserPointer/HoverMesh.uasset" 267
"../../../Engine/Content/VREditor/LaserPointer/LaserPointerMesh.uasset" 268
"../../../Engine/Content/VREditor/LaserPointer/LaserPointerMesh_End.uasset" 269
"../../../Engine/Content/VREditor/LaserPointer/LaserPointerMesh_Start.uasset" 270
"../../../Engine/Content/VREditor/Sounds/UI/Click_on_Button_Cue.uasset" 271
"../../../Engine/Content/VREditor/Sounds/UI/Dockable_Window_Close.uasset" 272
"../../../Engine/Content/VREditor/Sounds/UI/Dockable_Window_Drop.uasset" 273
"../../../Engine/Content/VREditor/Sounds/UI/Dockable_Window_Open.uasset" 274
"../../../Engine/Content/VREditor/Sounds/UI/Dockable_Window_Pick_Up.uasset" 275
"../../../Engine/Content/VREditor/Sounds/UI/Floating_UI_Open-001.uasset" 276
"../../../Engine/Content/VREditor/Sounds/UI/Radial_Menu_FadeOut.uasset" 277
"../../../Engine/Content/VREditor/Sounds/UI/Teleport_Mode_Entered.uasset" 278
"../../../Engine/Content/VREditor/Teleport/TeleportDirectionMesh.uasset" 279
"../../../Engine/Content/VREditor/TransformGizmo/Main.uasset" 280
"../../../Engine/Content/VREditor/TransformGizmo/Xray.uasset" 281
"../../../Engine/Content/VREditor/TransformGizmo/SM_Dialog_Close.uasset" 282
"../../../Engine/Content/VREditor/TransformGizmo/SM_Dialog_Move.uasset" 283
"../../../Engine/Content/VREditor/Devices/Vive/UE4_Logo.uasset" 284
"../../../Engine/Content/VREditor/UI/M_ContentWindow.uasset" 285
"../../../Engine/Content/VREditor/UI/SM_ContentWindow_01.uasset" 286
"../../../Engine/Content/VREditor/UI/KeyDiskMaterial.uasset" 287
"../../../Engine/Content/VREditor/UI/DiscMaterial.uasset" 288
"../../../Engine/Content/VREditor/UI/SM_Radial_Disk.uasset" 289
"../../../Engine/Content/VREditor/UI/ArrowMaterial.uasset" 290
"../../../Engine/Content/VREditor/UI/SM_Radial_Pointer.uasset" 291
"../../../Engine/Content/EditorLandscapeResources/FlattenHeightMat.uasset" 292
"../../../Engine/Content/VREditor/WorldMovementGrid/PlaneMesh.uasset" 293
"../../../Engine/Content/VREditor/VREditorAssetContainerData.uasset" 294
"../../../Engine/Content/VREditor/FloatingText/LineMaterial.uasset" 295
"../../../Engine/Content/VREditor/FloatingText/JointSphere.uasset" 296
"../../../Engine/Content/VREditor/FloatingText/LineSegmentCylinder.uasset" 297
"../../../Engine/Content/VREditor/Fonts/TranslucentVRTextMaterial.uasset" 298
"../../../Engine/Content/VREditor/Sounds/VR_teleport_Cue.uasset" 299
"../../../Engine/Content/VREditor/TransformGizmo/BoundingBoxCorner.uasset" 300
"../../../Engine/Content/VREditor/TransformGizmo/BoundingBoxEdge.uasset" 301
"../../../Engine/Content/VREditor/TransformGizmo/RotationHandle.uasset" 302
"../../../Engine/Content/VREditor/TransformGizmo/SM_Sequencer_Key.uasset" 303
"../../../Engine/Content/VREditor/TransformGizmo/TranslationHandle.uasset" 304
"../../../Engine/Plugins/2D/Paper2D/Content/DummySprite.uasset" 305
"../../../Engine/Plugins/2D/Paper2D/Content/DefaultPaperTerrainMaterial.uasset" 306
"../../../Engine/Plugins/2D/Paper2D/Content/MaskedUnlitSpriteMaterial.uasset" 307
"../../../Engine/Plugins/2D/Paper2D/Content/OpaqueUnlitSpriteMaterial.uasset" 308
"../../../Engine/Plugins/2D/Paper2D/Content/PlaceholderTextures/DummySpriteTexture.uasset" 309
"../../../TraficController/Plugins/MySQL/Content/Widgets/MySQLQueryDemo.uasset" 310
"../../../TraficController/Plugins/MySQL/Content/Widgets/DBConnectionWidget.uasset" 311
"../../../TraficController/Content/Blueprints/UserInterface/SubWidgets/ProfileSlot.uasset" 312
"../../../TraficController/Content/Blueprints/UserInterface/MainMenu.uasset" 313
"../../../TraficController/Content/Maps/MenuMap.umap" 314
"../../../TraficController/Content/Blueprints/Trafic/RoadTrafic/TraficLight.uasset" 315
"../../../TraficController/Content/Blueprints/Trafic/Train/BP_TrainSpline.uasset" 316
"../../../TraficController/Content/Sprites/Sprites/Train_Sprite.uasset" 317
"../../../TraficController/Content/Sprites/FlipBook/Train_Flipbook.uasset" 318
"../../../TraficController/Content/Blueprints/Trafic/Train/BP_Train.uasset" 319
"../../../TraficController/Content/Blueprints/Trafic/Train/BP_TrainBarrier.uasset" 320
"../../../TraficController/Content/Blueprints/Trafic/WalkingPeople/Markers/BP_Waypoint_Entrance.uasset" 321
"../../../TraficController/Content/Maps/Test_BuiltData.uasset" 322
"../../../TraficController/Content/Sprites/Texture/T_MapTilesPadded.uasset" 323
"../../../TraficController/Content/Sprites/Green_Tileset.uasset" 324
"../../../TraficController/Content/Sprites/Test_TileMap.uasset" 325
"../../../TraficController/Content/Maps/Test.umap" 326
"../../../Engine/Content/Maps/Entry.umap" 327
